# JRE version: OpenJDK Runtime Environment (Zulu 8.46.0.19-CA-win64) (8.0_252-b14) (build 1.8.0_252-b14)
# Java VM: OpenJDK 64-Bit Server VM (25.252-b14 mixed mode windows-amd64 compressed oops)
Heap:
 PSYoungGen      total 277504K, used 207438K [0x00000000e0300000, 0x00000000f3400000, 0x0000000100000000)
  eden space 258560K, 80% used [0x00000000e0300000,0x00000000ecd93b98,0x00000000eff80000)
  from space 18944K, 0% used [0x00000000f1200000,0x00000000f1200000,0x00000000f2480000)
  to   space 18944K, 0% used [0x00000000eff80000,0x00000000eff80000,0x00000000f1200000)
 ParOldGen       total 98304K, used 25642K [0x00000000a0800000, 0x00000000a6800000, 0x00000000e0300000)
  object space 98304K, 26% used [0x00000000a0800000,0x00000000a210a810,0x00000000a6800000)
 Metaspace       used 65644K, capacity 69560K, committed 69632K, reserved 1110016K
  class space    used 9310K, capacity 9967K, committed 9984K, reserved 1048576K
GC Heap History (10 events):
Event: 9.024 GC heap before
{Heap before GC invocations=11 (full 2):
 PSYoungGen      total 164864K, used 10726K [0x00000000e0300000, 0x00000000ee480000, 0x0000000100000000)
  eden space 154112K, 0% used [0x00000000e0300000,0x00000000e0300000,0x00000000e9980000)
  from space 10752K, 99% used [0x00000000e9980000,0x00000000ea3f9910,0x00000000ea400000)
  to   space 13312K, 0% used [0x00000000ed780000,0x00000000ed780000,0x00000000ee480000)
 ParOldGen       total 46080K, used 12937K [0x00000000a0800000, 0x00000000a3500000, 0x00000000e0300000)
  object space 46080K, 28% used [0x00000000a0800000,0x00000000a14a2770,0x00000000a3500000)
 Metaspace       used 33382K, capacity 35412K, committed 35456K, reserved 1079296K
  class space    used 4591K, capacity 4982K, committed 4992K, reserved 1048576K
Event: 9.141 GC heap after
Heap after GC invocations=11 (full 2):
 PSYoungGen      total 164864K, used 0K [0x00000000e0300000, 0x00000000ee480000, 0x0000000100000000)
  eden space 154112K, 0% used [0x00000000e0300000,0x00000000e0300000,0x00000000e9980000)
  from space 10752K, 0% used [0x00000000e9980000,0x00000000e9980000,0x00000000ea400000)
  to   space 13312K, 0% used [0x00000000ed780000,0x00000000ed780000,0x00000000ee480000)
 ParOldGen       total 73216K, used 19121K [0x00000000a0800000, 0x00000000a4f80000, 0x00000000e0300000)
  object space 73216K, 26% used [0x00000000a0800000,0x00000000a1aac6b0,0x00000000a4f80000)
 Metaspace       used 33382K, capacity 35412K, committed 35456K, reserved 1079296K
  class space    used 4591K, capacity 4982K, committed 4992K, reserved 1048576K
}
Event: 10.473 GC heap before
{Heap before GC invocations=12 (full 2):
 PSYoungGen      total 164864K, used 154112K [0x00000000e0300000, 0x00000000ee480000, 0x0000000100000000)
  eden space 154112K, 100% used [0x00000000e0300000,0x00000000e9980000,0x00000000e9980000)
  from space 10752K, 0% used [0x00000000e9980000,0x00000000e9980000,0x00000000ea400000)
  to   space 13312K, 0% used [0x00000000ed780000,0x00000000ed780000,0x00000000ee480000)
 ParOldGen       total 73216K, used 19121K [0x00000000a0800000, 0x00000000a4f80000, 0x00000000e0300000)
  object space 73216K, 26% used [0x00000000a0800000,0x00000000a1aac6b0,0x00000000a4f80000)
 Metaspace       used 43902K, capacity 46436K, committed 46848K, reserved 1089536K
  class space    used 6087K, capacity 6538K, committed 6656K, reserved 1048576K
Event: 10.504 GC heap after
Heap after GC invocations=12 (full 2):
 PSYoungGen      total 214016K, used 13228K [0x00000000e0300000, 0x00000000ee480000, 0x0000000100000000)
  eden space 200704K, 0% used [0x00000000e0300000,0x00000000e0300000,0x00000000ec700000)
  from space 13312K, 99% used [0x00000000ed780000,0x00000000ee46b358,0x00000000ee480000)
  to   space 14848K, 0% used [0x00000000ec780000,0x00000000ec780000,0x00000000ed600000)
 ParOldGen       total 73216K, used 19129K [0x00000000a0800000, 0x00000000a4f80000, 0x00000000e0300000)
  object space 73216K, 26% used [0x00000000a0800000,0x00000000a1aae6b0,0x00000000a4f80000)
 Metaspace       used 43902K, capacity 46436K, committed 46848K, reserved 1089536K
  class space    used 6087K, capacity 6538K, committed 6656K, reserved 1048576K
}
Event: 15.222 GC heap before
{Heap before GC invocations=13 (full 2):
 PSYoungGen      total 214016K, used 213932K [0x00000000e0300000, 0x00000000ee480000, 0x0000000100000000)
  eden space 200704K, 100% used [0x00000000e0300000,0x00000000ec700000,0x00000000ec700000)
  from space 13312K, 99% used [0x00000000ed780000,0x00000000ee46b358,0x00000000ee480000)
  to   space 14848K, 0% used [0x00000000ec780000,0x00000000ec780000,0x00000000ed600000)
 ParOldGen       total 73216K, used 19129K [0x00000000a0800000, 0x00000000a4f80000, 0x00000000e0300000)
  object space 73216K, 26% used [0x00000000a0800000,0x00000000a1aae6b0,0x00000000a4f80000)
 Metaspace       used 55040K, capacity 58004K, committed 58368K, reserved 1099776K
  class space    used 7846K, capacity 8375K, committed 8448K, reserved 1048576K
Event: 15.308 GC heap after
Heap after GC invocations=13 (full 2):
 PSYoungGen      total 216064K, used 14821K [0x00000000e0300000, 0x00000000f2480000, 0x0000000100000000)
  eden space 201216K, 0% used [0x00000000e0300000,0x00000000e0300000,0x00000000ec780000)
  from space 14848K, 99% used [0x00000000ec780000,0x00000000ed5f9638,0x00000000ed600000)
  to   space 18944K, 0% used [0x00000000f1200000,0x00000000f1200000,0x00000000f2480000)
 ParOldGen       total 73216K, used 24393K [0x00000000a0800000, 0x00000000a4f80000, 0x00000000e0300000)
  object space 73216K, 33% used [0x00000000a0800000,0x00000000a1fd24c0,0x00000000a4f80000)
 Metaspace       used 55040K, capacity 58004K, committed 58368K, reserved 1099776K
  class space    used 7846K, capacity 8375K, committed 8448K, reserved 1048576K
}
Event: 15.709 GC heap before
{Heap before GC invocations=14 (full 2):
 PSYoungGen      total 216064K, used 44279K [0x00000000e0300000, 0x00000000f2480000, 0x0000000100000000)
  eden space 201216K, 14% used [0x00000000e0300000,0x00000000e1fc47b0,0x00000000ec780000)
  from space 14848K, 99% used [0x00000000ec780000,0x00000000ed5f9638,0x00000000ed600000)
  to   space 18944K, 0% used [0x00000000f1200000,0x00000000f1200000,0x00000000f2480000)
 ParOldGen       total 73216K, used 24393K [0x00000000a0800000, 0x00000000a4f80000, 0x00000000e0300000)
  object space 73216K, 33% used [0x00000000a0800000,0x00000000a1fd24c0,0x00000000a4f80000)
 Metaspace       used 56037K, capacity 59000K, committed 59096K, reserved 1099776K
  class space    used 7983K, capacity 8525K, committed 8576K, reserved 1048576K
Event: 15.747 GC heap after
Heap after GC invocations=14 (full 2):
 PSYoungGen      total 277504K, used 1688K [0x00000000e0300000, 0x00000000f3400000, 0x0000000100000000)
  eden space 258560K, 0% used [0x00000000e0300000,0x00000000e0300000,0x00000000eff80000)
  from space 18944K, 8% used [0x00000000f1200000,0x00000000f13a6238,0x00000000f2480000)
  to   space 18944K, 0% used [0x00000000eff80000,0x00000000eff80000,0x00000000f1200000)
 ParOldGen       total 73216K, used 34831K [0x00000000a0800000, 0x00000000a4f80000, 0x00000000e0300000)
  object space 73216K, 47% used [0x00000000a0800000,0x00000000a2a03c40,0x00000000a4f80000)
 Metaspace       used 56037K, capacity 59000K, committed 59096K, reserved 1099776K
  class space    used 7983K, capacity 8525K, committed 8576K, reserved 1048576K
}
Event: 15.747 GC heap before
{Heap before GC invocations=15 (full 3):
 PSYoungGen      total 277504K, used 1688K [0x00000000e0300000, 0x00000000f3400000, 0x0000000100000000)
  eden space 258560K, 0% used [0x00000000e0300000,0x00000000e0300000,0x00000000eff80000)
  from space 18944K, 8% used [0x00000000f1200000,0x00000000f13a6238,0x00000000f2480000)
  to   space 18944K, 0% used [0x00000000eff80000,0x00000000eff80000,0x00000000f1200000)
 ParOldGen       total 73216K, used 34831K [0x00000000a0800000, 0x00000000a4f80000, 0x00000000e0300000)
  object space 73216K, 47% used [0x00000000a0800000,0x00000000a2a03c40,0x00000000a4f80000)
 Metaspace       used 56037K, capacity 59000K, committed 59096K, reserved 1099776K
  class space    used 7983K, capacity 8525K, committed 8576K, reserved 1048576K
Event: 16.093 GC heap after
Heap after GC invocations=15 (full 3):
 PSYoungGen      total 277504K, used 0K [0x00000000e0300000, 0x00000000f3400000, 0x0000000100000000)
  eden space 258560K, 0% used [0x00000000e0300000,0x00000000e0300000,0x00000000eff80000)
  from space 18944K, 0% used [0x00000000f1200000,0x00000000f1200000,0x00000000f2480000)
  to   space 18944K, 0% used [0x00000000eff80000,0x00000000eff80000,0x00000000f1200000)
 ParOldGen       total 98304K, used 25642K [0x00000000a0800000, 0x00000000a6800000, 0x00000000e0300000)
  object space 98304K, 26% used [0x00000000a0800000,0x00000000a210a810,0x00000000a6800000)
 Metaspace       used 56037K, capacity 59000K, committed 59096K, reserved 1099776K
  class space    used 7983K, capacity 8525K, committed 8576K, reserved 1048576K
}

